<?xml version="1.0" encoding="UTF-8"?>
<!-- Generated by org.testng.reporters.JUnitReportReporter -->
<testsuite hostname="WIN-FO8P8688G06" failures="0" tests="2" name="com.example.AppTest" time="0.156" errors="0" timestamp="2025-09-24T11:08:06 IST" skipped="0">
  <testcase classname="com.example.AppTest" name="testsub" time="0.000"/>
  <system-out/>
  <testcase classname="com.example.AppTest" name="testAddition" time="0.156"/>
  <system-out/>
</testsuite> <!-- com.example.AppTest -->
